<?xml version="1.0" encoding="UTF-8"?>
<!-- Generated by org.testng.reporters.JUnitXMLReporter -->
<testsuite ignored="0" hostname="DESKTOP-B3B1BPQ" failures="0" tests="6" name="Default test" time="7.649" errors="0" timestamp="2023-12-06T18:36:05 PST">
  <testcase classname="DemoRA.DemoRA.DynamicJson" name="addBook" time="3.906"/>
  <testcase classname="DemoRA.DemoRA.DynamicJson" name="addBook" time="0.718"/>
  <testcase classname="DemoRA.DemoRA.DynamicJson" name="addBook" time="0.696"/>
  <testcase classname="DemoRA.DemoRA.DynamicJson" name="deleteBook" time="0.811"/>
  <testcase classname="DemoRA.DemoRA.DynamicJson" name="deleteBook" time="0.727"/>
  <testcase classname="DemoRA.DemoRA.DynamicJson" name="deleteBook" time="0.691"/>
</testsuite> <!-- Default test -->
