<?xml version="1.0" encoding="UTF-8"?>
<testng-results ignored="0" total="6" passed="6" failed="0" skipped="0">
  <reporter-output>
  </reporter-output>
  <suite started-at="2023-12-06T18:35:57 PST" name="Default suite" finished-at="2023-12-06T18:36:05 PST" duration-ms="7649">
    <groups>
    </groups>
    <test started-at="2023-12-06T18:35:57 PST" name="Default test" finished-at="2023-12-06T18:36:05 PST" duration-ms="7649">
      <class name="DemoRA.DemoRA.DynamicJson">
        <test-method signature="addBook(java.lang.String,java.lang.String)[pri:0, instance:DemoRA.DemoRA.DynamicJson@3c73951]" started-at="2023-12-06T18:35:57 PST" name="addBook" data-provider="booksdata" finished-at="2023-12-06T18:36:01 PST" duration-ms="3906" status="PASS">
          <params>
            <param index="0">
              <value>
                <![CDATA[Hi]]>
              </value>
            </param>
            <param index="1">
              <value>
                <![CDATA[1234]]>
              </value>
            </param>
          </params>
          <reporter-output>
          </reporter-output>
        </test-method> <!-- addBook -->
        <test-method signature="addBook(java.lang.String,java.lang.String)[pri:0, instance:DemoRA.DemoRA.DynamicJson@3c73951]" started-at="2023-12-06T18:36:01 PST" name="addBook" data-provider="booksdata" finished-at="2023-12-06T18:36:02 PST" duration-ms="718" status="PASS">
          <params>
            <param index="0">
              <value>
                <![CDATA[Hello]]>
              </value>
            </param>
            <param index="1">
              <value>
                <![CDATA[56789]]>
              </value>
            </param>
          </params>
          <reporter-output>
          </reporter-output>
        </test-method> <!-- addBook -->
        <test-method signature="addBook(java.lang.String,java.lang.String)[pri:0, instance:DemoRA.DemoRA.DynamicJson@3c73951]" started-at="2023-12-06T18:36:02 PST" name="addBook" data-provider="booksdata" finished-at="2023-12-06T18:36:03 PST" duration-ms="696" status="PASS">
          <params>
            <param index="0">
              <value>
                <![CDATA[GoodDay]]>
              </value>
            </param>
            <param index="1">
              <value>
                <![CDATA[101112]]>
              </value>
            </param>
          </params>
          <reporter-output>
          </reporter-output>
        </test-method> <!-- addBook -->
        <test-method signature="deleteBook(java.lang.String,java.lang.String)[pri:0, instance:DemoRA.DemoRA.DynamicJson@3c73951]" started-at="2023-12-06T18:36:03 PST" name="deleteBook" data-provider="booksdata" finished-at="2023-12-06T18:36:03 PST" duration-ms="811" status="PASS">
          <params>
            <param index="0">
              <value>
                <![CDATA[Hi]]>
              </value>
            </param>
            <param index="1">
              <value>
                <![CDATA[1234]]>
              </value>
            </param>
          </params>
          <reporter-output>
          </reporter-output>
        </test-method> <!-- deleteBook -->
        <test-method signature="deleteBook(java.lang.String,java.lang.String)[pri:0, instance:DemoRA.DemoRA.DynamicJson@3c73951]" started-at="2023-12-06T18:36:03 PST" name="deleteBook" data-provider="booksdata" finished-at="2023-12-06T18:36:04 PST" duration-ms="727" status="PASS">
          <params>
            <param index="0">
              <value>
                <![CDATA[Hello]]>
              </value>
            </param>
            <param index="1">
              <value>
                <![CDATA[56789]]>
              </value>
            </param>
          </params>
          <reporter-output>
          </reporter-output>
        </test-method> <!-- deleteBook -->
        <test-method signature="deleteBook(java.lang.String,java.lang.String)[pri:0, instance:DemoRA.DemoRA.DynamicJson@3c73951]" started-at="2023-12-06T18:36:04 PST" name="deleteBook" data-provider="booksdata" finished-at="2023-12-06T18:36:05 PST" duration-ms="691" status="PASS">
          <params>
            <param index="0">
              <value>
                <![CDATA[GoodDay]]>
              </value>
            </param>
            <param index="1">
              <value>
                <![CDATA[101112]]>
              </value>
            </param>
          </params>
          <reporter-output>
          </reporter-output>
        </test-method> <!-- deleteBook -->
      </class> <!-- DemoRA.DemoRA.DynamicJson -->
    </test> <!-- Default test -->
  </suite> <!-- Default suite -->
</testng-results>
